<?xml version="1.0" encoding="UTF-8"?>
<testng-results ignored="0" total="1" passed="1" failed="0" skipped="0">
  <reporter-output>
  </reporter-output>
  <suite started-at="2018-09-17T05:13:55Z" name="Default suite" finished-at="2018-09-17T05:14:25Z" duration-ms="29338">
    <groups>
    </groups>
    <test started-at="2018-09-17T05:13:55Z" name="Default test" finished-at="2018-09-17T05:14:25Z" duration-ms="29338">
      <class name="JenkinsGitMaven.JenkinsGitMavenTest.TestScript">
        <test-method is-config="true" signature="setUp()[pri:0, instance:JenkinsGitMaven.JenkinsGitMavenTest.TestScript@7bedc48a]" started-at="2018-09-16T22:13:55Z" name="setUp" finished-at="2018-09-16T22:14:11Z" duration-ms="15246" status="PASS">
          <reporter-output>
          </reporter-output>
        </test-method> <!-- setUp -->
        <test-method signature="test()[pri:0, instance:JenkinsGitMaven.JenkinsGitMavenTest.TestScript@7bedc48a]" started-at="2018-09-16T22:14:11Z" name="test" finished-at="2018-09-16T22:14:22Z" duration-ms="10858" status="PASS">
          <reporter-output>
          </reporter-output>
        </test-method> <!-- test -->
        <test-method is-config="true" signature="tearDown()[pri:0, instance:JenkinsGitMaven.JenkinsGitMavenTest.TestScript@7bedc48a]" started-at="2018-09-16T22:14:22Z" name="tearDown" finished-at="2018-09-16T22:14:25Z" duration-ms="3194" status="PASS">
          <reporter-output>
          </reporter-output>
        </test-method> <!-- tearDown -->
      </class> <!-- JenkinsGitMaven.JenkinsGitMavenTest.TestScript -->
    </test> <!-- Default test -->
  </suite> <!-- Default suite -->
</testng-results>
